<?xml version="1.0" encoding="UTF-8"?>
<!-- Generated by org.testng.reporters.JUnitReportReporter -->
<testsuite hostname="IP-MTY-EDGAR" failures="0" tests="1" name="com.google.FirstTest" time="4.163" errors="0" timestamp="23 Jun 2022 20:24:05 GMT" skipped="0">
  <testcase classname="com.google.FirstTest" name="f" time="4.163"/>
</testsuite> <!-- com.google.FirstTest -->
