<?xml version="1.0" encoding="UTF-8"?>
<!-- Generated by org.testng.reporters.JUnitReportReporter -->
<testsuite hostname="IP-MTY-EDGAR" failures="0" tests="1" name="EjerciciosEdgarG.PF_POMPTest" time="20.711" errors="0" timestamp="25 Aug 2022 20:49:41 GMT" skipped="0">
  <testcase classname="EjerciciosEdgarG.PF_POMPTest" name="test01" time="20.711"/>
</testsuite> <!-- EjerciciosEdgarG.PF_POMPTest -->
