<?xml version="1.0" encoding="UTF-8"?>
<!-- Generated by org.testng.reporters.JUnitReportReporter -->
<testsuite hostname="IP-MTY-EDGAR" failures="0" tests="1" name="EjerciciosEdgarG.E9_POMPTest" time="3.020" errors="0" timestamp="19 Aug 2022 18:11:03 GMT" skipped="0">
  <testcase classname="EjerciciosEdgarG.E9_POMPTest" name="test001" time="3.020"/>
</testsuite> <!-- EjerciciosEdgarG.E9_POMPTest -->
