<?xml version="1.0" encoding="UTF-8"?>
<!-- Generated by org.testng.reporters.JUnitReportReporter -->
<testsuite hostname="IP-MTY-EDGAR" failures="0" tests="1" name="com.ejerciciosEnClase.ejercicioClaseEdgar" time="3.613" errors="0" timestamp="26 Jul 2022 21:34:18 GMT" skipped="0">
  <testcase classname="com.ejerciciosEnClase.ejercicioClaseEdgar" name="f" time="3.613"/>
</testsuite> <!-- com.ejerciciosEnClase.ejercicioClaseEdgar -->
