<?xml version="1.0" encoding="UTF-8"?>
<!-- Generated by org.testng.reporters.JUnitReportReporter -->
<testsuite hostname="IP-MTY-EDGAR" failures="0" tests="1" name="com.ejerciciosEnClase.PrimerClassSelenium" time="3.200" errors="0" timestamp="26 Jul 2022 20:36:41 GMT" skipped="0">
  <testcase classname="com.ejerciciosEnClase.PrimerClassSelenium" name="f" time="3.200"/>
</testsuite> <!-- com.ejerciciosEnClase.PrimerClassSelenium -->
