<?xml version="1.0" encoding="UTF-8"?>
<!-- Generated by org.testng.reporters.JUnitReportReporter -->
<testsuite hostname="IP-MTY-EDGAR" failures="0" tests="1" name="com.ejerciciosEnClase.Template" time="2.811" errors="0" timestamp="21 Jul 2022 23:50:08 GMT" skipped="0">
  <testcase classname="com.ejerciciosEnClase.Template" name="f" time="2.811"/>
</testsuite> <!-- com.ejerciciosEnClase.Template -->
