<?xml version="1.0" encoding="UTF-8"?>
<!-- Generated by org.testng.reporters.JUnitReportReporter -->
<testsuite hostname="IP-MTY-EDGAR" failures="0" tests="1" name="com.ejerciciosEnClase.AddComputerEdgar" time="3.910" errors="0" timestamp="11 Aug 2022 18:02:09 GMT" skipped="0">
  <testcase classname="com.ejerciciosEnClase.AddComputerEdgar" name="f" time="3.910"/>
</testsuite> <!-- com.ejerciciosEnClase.AddComputerEdgar -->
