<?xml version="1.0" encoding="UTF-8"?>
<!-- Generated by org.testng.reporters.JUnitReportReporter -->
<testsuite hostname="IP-MTY-EDGAR" failures="0" tests="1" name="com.ejerciciosEnClase.ImplicitExplicit" time="3.589" errors="0" timestamp="02 Aug 2022 16:20:44 GMT" skipped="0">
  <testcase classname="com.ejerciciosEnClase.ImplicitExplicit" name="f" time="3.589"/>
</testsuite> <!-- com.ejerciciosEnClase.ImplicitExplicit -->
